<?xml version="1.0" encoding="UTF-8"?>
<testsuite xmlns:xsi="http://www.w3.org/2001/XMLSchema-instance" xsi:noNamespaceSchemaLocation="https://maven.apache.org/surefire/maven-surefire-plugin/xsd/surefire-test-report.xsd" name="ru.netology.stats.RadioTest" time="0.028" tests="20" errors="0" skipped="0" failures="0">
  <properties>
[...]
</properties>
  <testcase name="shouldNotSetVolumeAboveMax" classname="ru.netology.stats.RadioTest" time="0.016"/>
  <testcase name="shouldNotSetRadioStationAboveCustomMax" classname="ru.netology.stats.RadioTest" time="0"/>
  <testcase name="shouldNotSetVolumeBelowMax" classname="ru.netology.stats.RadioTest" time="0"/>
  <testcase name="shouldDoQuietButtonMinusOne" classname="ru.netology.stats.RadioTest" time="0"/>
  <testcase name="shouldDoPrevButtonLastStationIfItsFirstStation" classname="ru.netology.stats.RadioTest" time="0"/>
  <testcase name="shouldSetVolume" classname="ru.netology.stats.RadioTest" time="0"/>
  <testcase name="shouldCreateRadioWithDefaultNumberOfStations" classname="ru.netology.stats.RadioTest" time="0"/>
  <testcase name="shouldNotSetRadioStationAboveMax" classname="ru.netology.stats.RadioTest" time="0"/>
  <testcase name="shouldDoNextButtonFirstStationIfItsLastStation" classname="ru.netology.stats.RadioTest" time="0"/>
  <testcase name="shouldNotSetRadioStationBelowMax" classname="ru.netology.stats.RadioTest" time="0"/>
  <testcase name="shouldNotSetRadioStationBelowMin" classname="ru.netology.stats.RadioTest" time="0"/>
  <testcase name="shouldCreateRadioWithCustomNumberOfStations" classname="ru.netology.stats.RadioTest" time="0"/>
  <testcase name="shouldDoNextButtonLastStationIfItsLastStationCustomStations" classname="ru.netology.stats.RadioTest" time="0"/>
  <testcase name="shouldDoLouderButtonPlusOne" classname="ru.netology.stats.RadioTest" time="0"/>
  <testcase name="shouldDoNotDoLouderButtonPlusOneIfItsMaxVolume" classname="ru.netology.stats.RadioTest" time="0"/>
  <testcase name="shouldDoNotDoQuietButtonMinusOneIfItsMinVolume" classname="ru.netology.stats.RadioTest" time="0"/>
  <testcase name="shouldDoPrevButtonFirstStationIfItsFirstStationCustomStations" classname="ru.netology.stats.RadioTest" time="0"/>
  <testcase name="shouldSetRadioStation" classname="ru.netology.stats.RadioTest" time="0"/>
  <testcase name="shouldDoPrevButtonMinusOne" classname="ru.netology.stats.RadioTest" time="0"/>
  <testcase name="shouldDoNextButtonPlusOne" classname="ru.netology.stats.RadioTest" time="0"/>
</testsuite>